
R Under development (unstable) (2013-05-01 r62700) -- "Unsuffered Consequences"
Copyright (C) 2013 The R Foundation for Statistical Computing
Platform: x86_64-unknown-linux-gnu (64-bit)

R is free software and comes with ABSOLUTELY NO WARRANTY.
You are welcome to redistribute it under certain conditions.
Type 'license()' or 'licence()' for distribution details.

  Natural language support but running in an English locale

R is a collaborative project with many contributors.
Type 'contributors()' for more information and
'citation()' on how to cite R or R packages in publications.

Type 'demo()' for some demos, 'help()' for on-line help, or
'help.start()' for an HTML browser interface to help.
Type 'q()' to quit R.

> shiny:::runApp('~/rglab/papers/paper-opencyto/doc/shiny-cytokines')
Loading required package: shiny
Loading required package: testthat
Loading project configuration
Autoloading helper functions
 Running helper script: helpers.R
Autoloading packages
 Loading package: reshape2
 Loading package: plyr
 Loading package: ggplot2
 Loading package: stringr
 Loading package: lubridate

Attaching package: ‘lubridate’

The following object is masked from ‘package:plyr’:

    here

 Loading package: xtable
 Loading package: glmnet
Loading required package: Matrix
Loading required package: lattice
Loaded glmnet 1.9-3

 Loading package: ROCR
Loading required package: gplots
Loading required package: gtools
Loading required package: gdata
gdata: read.xls support for 'XLS' (Excel 97-2004) files ENABLED.

gdata: read.xls support for 'XLSX' (Excel 2007+) files ENABLED.

Attaching package: ‘gdata’

The following object is masked from ‘package:stats’:

    nobs

The following object is masked from ‘package:utils’:

    object.size

Loading required package: caTools
Loading required package: grid
Loading required package: KernSmooth
KernSmooth 2.23 loaded
Copyright M. P. Wand 1997-2009
Loading required package: MASS

Attaching package: ‘gplots’

The following object is masked from ‘package:stats’:

    lowess

 Loading package: doMC
Loading required package: foreach
Loading required package: iterators
Loading required package: parallel
 Loading package: gtools
 Loading package: data.table

Attaching package: ‘data.table’

The following object is masked from ‘package:lubridate’:

    hour, mday, month, quarter, wday, week, yday, year

 Loading package: flowWorkspace
Loading required package: Rcpp
Loading required package: Cairo
Loading required package: BiocGenerics
Warning in .simpleDuplicateClass(def, prev) :
  the specification for S3 class “AsIs” in package ‘BiocGenerics’ seems equivalent to one from package ‘RJSONIO’ and is not turning on duplicate class definitions for this class
Warning in .simpleDuplicateClass(def, prev) :
  the specification for S3 class “connection” in package ‘BiocGenerics’ seems equivalent to one from package ‘RJSONIO’ and is not turning on duplicate class definitions for this class
Warning in .simpleDuplicateClass(def, prev) :
  the specification for S3 class “file” in package ‘BiocGenerics’ seems equivalent to one from package ‘RJSONIO’ and is not turning on duplicate class definitions for this class
Warning in .simpleDuplicateClass(def, prev) :
  the specification for S3 class “pipe” in package ‘BiocGenerics’ seems equivalent to one from package ‘RJSONIO’ and is not turning on duplicate class definitions for this class
Warning in .simpleDuplicateClass(def, prev) :
  the specification for S3 class “textConnection” in package ‘BiocGenerics’ seems equivalent to one from package ‘RJSONIO’ and is not turning on duplicate class definitions for this class

Attaching package: ‘BiocGenerics’

The following objects are masked from ‘package:parallel’:

    clusterApply, clusterApplyLB, clusterCall, clusterEvalQ,
    clusterExport, clusterMap, parApply, parCapply, parLapply,
    parLapplyLB, parRapply, parSapply, parSapplyLB

The following object is masked from ‘package:gdata’:

    combine

The following object is masked from ‘package:Matrix’:

    as.vector

The following object is masked from ‘package:lubridate’:

    intersect, setdiff, union

The following object is masked from ‘package:stats’:

    xtabs

The following objects are masked from ‘package:base’:

    anyDuplicated, append, as.data.frame, as.vector, cbind, colnames,
    duplicated, eval, Filter, Find, get, intersect, lapply, Map,
    mapply, match, mget, order, paste, pmax, pmax.int, pmin, pmin.int,
    Position, rank, rbind, Reduce, rep.int, rownames, sapply, setdiff,
    sort, table, tapply, union, unique, unlist

Loading required package: RBGL
Loading required package: graph

Attaching package: ‘graph’

The following object is masked from ‘package:plyr’:

    join

Loading required package: XML

Attaching package: ‘XML’

The following object is masked from ‘package:graph’:

    addNode

Loading required package: flowCore
Loading required package: Biobase
Welcome to Bioconductor

    Vignettes contain introductory material; view with
    'browseVignettes()'. To cite Bioconductor, see
    'citation("Biobase")', and for packages 'citation("pkgname")'.


Attaching package: ‘Biobase’

The following object is masked from ‘package:ProjectTemplate’:

    cache

Loading required package: rrcov
Loading required package: robustbase
Loading required package: pcaPP
Loading required package: mvtnorm
Scalable Robust Estimators with High Breakdown Point (version 1.3-3)


Attaching package: ‘flowCore’

The following object is masked from ‘package:BiocGenerics’:

    normalize

The following object is masked from ‘package:stats’:

    filter

The following object is masked from ‘package:base’:

    ls

Loading required package: flowViz
Loading required package: IDPmisc
Loading required package: tools

Attaching package: ‘tools’

The following object is masked from ‘package:XML’:

    toHTML

Loading required package: hexbin
Loading required package: gridExtra
Loading required package: Rgraphviz
Loading required package: ncdfFlow

Attaching package: ‘flowWorkspace’

The following object is masked from ‘package:rrcov’:

    getData

 Loading package: flowIncubator
Loading required package: QUALIFIER
Loading required package: reshape

Attaching package: ‘reshape’

The following object is masked from ‘package:Matrix’:

    expand

The following object is masked from ‘package:lubridate’:

    stamp

The following object is masked from ‘package:plyr’:

    rename, round_any

The following object is masked from ‘package:reshape2’:

    colsplit, melt, recast

Loading required package: RColorBrewer
 Loading package: openCyto
Warning: replacing previous import ‘plot’ when loading ‘graphics’
Warning: replacing previous import ‘plot’ when loading ‘graphics’
 Loading package: MASS
Autoloading data
 Loading cached data set: cytokine.densities
 Loading data set: analysis.plan
 Loading data set: HVTN065.manual.gates
 Loading data set: HVTN065.results
 Loading data set: treatment.HVTN065
 Loading data set: treatment.HVTN080
loading R object...
loading tree object...
Done

Listening on port 8100
Fontconfig warning: "/etc/fonts/conf.d/65-droid-sans-fonts.conf", line 61: Having multiple values in <test> isn't supported and may not works as expected
Fontconfig warning: "/etc/fonts/conf.d/65-droid-sans-fonts.conf", line 96: Having multiple values in <test> isn't supported and may not works as expected
Warning: Removed 1021 rows containing missing values (geom_path).
Warning: Removed 717 rows containing missing values (geom_path).
Warning: Removed 539 rows containing missing values (geom_path).
Warning: Removed 1258 rows containing missing values (geom_path).
Warning: Removed 383 rows containing missing values (geom_path).
Warning: Removed 1379 rows containing missing values (geom_path).
Warning: Removed 1526 rows containing missing values (geom_path).
Warning: Removed 1002 rows containing missing values (geom_path).
Warning: Removed 1266 rows containing missing values (geom_path).
Warning: Removed 1 rows containing missing values (geom_path).
Warning: Removed 1 rows containing missing values (geom_path).
Warning: Removed 1 rows containing missing values (geom_path).
